# JRE version: OpenJDK Runtime Environment Microsoft-8035246 (17.0.8+7) (build 17.0.8+7-LTS)
# Java VM: OpenJDK 64-Bit Server VM Microsoft-8035246 (17.0.8+7-LTS, mixed mode, sharing, tiered, compressed oops, compressed class ptrs, g1 gc, windows-amd64)
GC Precious Log:
 CPUs: 4 total, 4 available
 Memory: 8067M
 Large Page Support: Disabled
 NUMA Support: Disabled
 Compressed Oops: Enabled (32-bit)
 Heap Region Size: 1M
 Heap Min Capacity: 8M
 Heap Initial Capacity: 128M
 Heap Max Capacity: 2G
 Pre-touch: Disabled
 Parallel Workers: 4
 Concurrent Workers: 1
 Concurrent Refinement Workers: 4
 Periodic GC: Disabled
Heap:
 garbage-first heap   total 336896K, used 239613K [0x0000000080000000, 0x0000000100000000)
  region size 1024K, 30 young (30720K), 6 survivors (6144K)
 Metaspace       used 104609K, committed 105728K, reserved 557056K
  class space    used 14181K, committed 14720K, reserved 425984K
GC Heap History (20 events):
Event: 45.329 GC heap before
{Heap before GC invocations=30 (full 0):
 garbage-first heap   total 145408K, used 114752K [0x0000000080000000, 0x0000000100000000)
  region size 1024K, 35 young (35840K), 2 survivors (2048K)
 Metaspace       used 73992K, committed 74624K, reserved 491520K
  class space    used 10075K, committed 10368K, reserved 425984K
}
Event: 45.340 GC heap after
{Heap after GC invocations=31 (full 0):
 garbage-first heap   total 145408K, used 83845K [0x0000000080000000, 0x0000000100000000)
  region size 1024K, 5 young (5120K), 5 survivors (5120K)
 Metaspace       used 73992K, committed 74624K, reserved 491520K
  class space    used 10075K, committed 10368K, reserved 425984K
}
Event: 45.379 GC heap before
{Heap before GC invocations=31 (full 0):
 garbage-first heap   total 145408K, used 85893K [0x0000000080000000, 0x0000000100000000)
  region size 1024K, 7 young (7168K), 5 survivors (5120K)
 Metaspace       used 73995K, committed 74624K, reserved 491520K
  class space    used 10075K, committed 10368K, reserved 425984K
}
Event: 45.390 GC heap after
{Heap after GC invocations=32 (full 0):
 garbage-first heap   total 145408K, used 83362K [0x0000000080000000, 0x0000000100000000)
  region size 1024K, 1 young (1024K), 1 survivors (1024K)
 Metaspace       used 73995K, committed 74624K, reserved 491520K
  class space    used 10075K, committed 10368K, reserved 425984K
}
Event: 60.295 GC heap before
{Heap before GC invocations=32 (full 0):
 garbage-first heap   total 145408K, used 118178K [0x0000000080000000, 0x0000000100000000)
  region size 1024K, 35 young (35840K), 1 survivors (1024K)
 Metaspace       used 77075K, committed 77760K, reserved 557056K
  class space    used 10515K, committed 10816K, reserved 425984K
}
Event: 60.305 GC heap after
{Heap after GC invocations=33 (full 0):
 garbage-first heap   total 336896K, used 85776K [0x0000000080000000, 0x0000000100000000)
  region size 1024K, 4 young (4096K), 4 survivors (4096K)
 Metaspace       used 77075K, committed 77760K, reserved 557056K
  class space    used 10515K, committed 10816K, reserved 425984K
}
Event: 66.764 GC heap before
{Heap before GC invocations=33 (full 0):
 garbage-first heap   total 336896K, used 240400K [0x0000000080000000, 0x0000000100000000)
  region size 1024K, 146 young (149504K), 4 survivors (4096K)
 Metaspace       used 84836K, committed 85696K, reserved 557056K
  class space    used 11744K, committed 12160K, reserved 425984K
}
Event: 66.803 GC heap after
{Heap after GC invocations=34 (full 0):
 garbage-first heap   total 336896K, used 120680K [0x0000000080000000, 0x0000000100000000)
  region size 1024K, 19 young (19456K), 19 survivors (19456K)
 Metaspace       used 84836K, committed 85696K, reserved 557056K
  class space    used 11744K, committed 12160K, reserved 425984K
}
Event: 71.072 GC heap before
{Heap before GC invocations=34 (full 0):
 garbage-first heap   total 336896K, used 256872K [0x0000000080000000, 0x0000000100000000)
  region size 1024K, 138 young (141312K), 19 survivors (19456K)
 Metaspace       used 89132K, committed 90112K, reserved 557056K
  class space    used 12302K, committed 12736K, reserved 425984K
}
Event: 71.118 GC heap after
{Heap after GC invocations=35 (full 0):
 garbage-first heap   total 336896K, used 159683K [0x0000000080000000, 0x0000000100000000)
  region size 1024K, 18 young (18432K), 18 survivors (18432K)
 Metaspace       used 89132K, committed 90112K, reserved 557056K
  class space    used 12302K, committed 12736K, reserved 425984K
}
Event: 73.513 GC heap before
{Heap before GC invocations=35 (full 0):
 garbage-first heap   total 336896K, used 253891K [0x0000000080000000, 0x0000000100000000)
  region size 1024K, 108 young (110592K), 18 survivors (18432K)
 Metaspace       used 93311K, committed 94336K, reserved 557056K
  class space    used 12851K, committed 13376K, reserved 425984K
}
Event: 73.565 GC heap after
{Heap after GC invocations=36 (full 0):
 garbage-first heap   total 336896K, used 176640K [0x0000000080000000, 0x0000000100000000)
  region size 1024K, 14 young (14336K), 14 survivors (14336K)
 Metaspace       used 93311K, committed 94336K, reserved 557056K
  class space    used 12851K, committed 13376K, reserved 425984K
}
Event: 76.019 GC heap before
{Heap before GC invocations=36 (full 0):
 garbage-first heap   total 336896K, used 258560K [0x0000000080000000, 0x0000000100000000)
  region size 1024K, 94 young (96256K), 14 survivors (14336K)
 Metaspace       used 98388K, committed 99392K, reserved 557056K
  class space    used 13521K, committed 14016K, reserved 425984K
}
Event: 76.074 GC heap after
{Heap after GC invocations=37 (full 0):
 garbage-first heap   total 336896K, used 189952K [0x0000000080000000, 0x0000000100000000)
  region size 1024K, 12 young (12288K), 12 survivors (12288K)
 Metaspace       used 98388K, committed 99392K, reserved 557056K
  class space    used 13521K, committed 14016K, reserved 425984K
}
Event: 77.598 GC heap before
{Heap before GC invocations=37 (full 0):
 garbage-first heap   total 336896K, used 263680K [0x0000000080000000, 0x0000000100000000)
  region size 1024K, 84 young (86016K), 12 survivors (12288K)
 Metaspace       used 100555K, committed 101568K, reserved 557056K
  class space    used 13749K, committed 14272K, reserved 425984K
}
Event: 77.656 GC heap after
{Heap after GC invocations=38 (full 0):
 garbage-first heap   total 336896K, used 201728K [0x0000000080000000, 0x0000000100000000)
  region size 1024K, 11 young (11264K), 11 survivors (11264K)
 Metaspace       used 100555K, committed 101568K, reserved 557056K
  class space    used 13749K, committed 14272K, reserved 425984K
}
Event: 79.476 GC heap before
{Heap before GC invocations=38 (full 0):
 garbage-first heap   total 336896K, used 267264K [0x0000000080000000, 0x0000000100000000)
  region size 1024K, 76 young (77824K), 11 survivors (11264K)
 Metaspace       used 103778K, committed 104832K, reserved 557056K
  class space    used 14079K, committed 14592K, reserved 425984K
}
Event: 79.540 GC heap after
{Heap after GC invocations=39 (full 0):
 garbage-first heap   total 336896K, used 212992K [0x0000000080000000, 0x0000000100000000)
  region size 1024K, 10 young (10240K), 10 survivors (10240K)
 Metaspace       used 103778K, committed 104832K, reserved 557056K
  class space    used 14079K, committed 14592K, reserved 425984K
}
Event: 81.946 GC heap before
{Heap before GC invocations=39 (full 0):
 garbage-first heap   total 336896K, used 271360K [0x0000000080000000, 0x0000000100000000)
  region size 1024K, 68 young (69632K), 10 survivors (10240K)
 Metaspace       used 104603K, committed 105728K, reserved 557056K
  class space    used 14181K, committed 14720K, reserved 425984K
}
Event: 81.981 GC heap after
{Heap after GC invocations=40 (full 0):
 garbage-first heap   total 336896K, used 217085K [0x0000000080000000, 0x0000000100000000)
  region size 1024K, 6 young (6144K), 6 survivors (6144K)
 Metaspace       used 104603K, committed 105728K, reserved 557056K
  class space    used 14181K, committed 14720K, reserved 425984K
}

